<?xml version="1.0" encoding="UTF-8"?>
<testng-results skipped="0" failed="0" ignored="0" total="1" passed="1">
  <reporter-output>
  </reporter-output>
  <suite name="com.sheets.Testngadactin" duration-ms="14633" started-at="2021-12-24T23:20:09 IST" finished-at="2021-12-24T23:20:24 IST">
    <groups>
    </groups>
    <test name="Command line test" duration-ms="14633" started-at="2021-12-24T23:20:09 IST" finished-at="2021-12-24T23:20:24 IST">
      <class name="com.sheets.Testngadactin">
        <test-method status="PASS" signature="beforeClass()[pri:0, instance:com.sheets.Testngadactin@10bdf5e5]" name="beforeClass" is-config="true" duration-ms="4276" started-at="2021-12-24T23:20:09 IST" finished-at="2021-12-24T23:20:13 IST">
          <reporter-output>
          </reporter-output>
        </test-method> <!-- beforeClass -->
        <test-method status="PASS" signature="booking()[pri:0, instance:com.sheets.Testngadactin@10bdf5e5]" name="booking" duration-ms="10322" started-at="2021-12-24T23:20:13 IST" finished-at="2021-12-24T23:20:24 IST">
          <reporter-output>
          </reporter-output>
        </test-method> <!-- booking -->
        <test-method status="PASS" signature="afterClass()[pri:0, instance:com.sheets.Testngadactin@10bdf5e5]" name="afterClass" is-config="true" duration-ms="1" started-at="2021-12-24T23:20:24 IST" finished-at="2021-12-24T23:20:24 IST">
          <reporter-output>
          </reporter-output>
        </test-method> <!-- afterClass -->
      </class> <!-- com.sheets.Testngadactin -->
    </test> <!-- Command line test -->
  </suite> <!-- com.sheets.Testngadactin -->
</testng-results>
