<?xml version="1.0" encoding="UTF-8"?>
<testng-results ignored="0" total="1" passed="1" failed="0" skipped="0">
  <reporter-output>
  </reporter-output>
  <suite started-at="2021-12-24T23:16:55 IST" name="Default suite" finished-at="2021-12-24T23:17:15 IST" duration-ms="19638">
    <groups>
    </groups>
    <test started-at="2021-12-24T23:16:55 IST" name="Default test" finished-at="2021-12-24T23:17:15 IST" duration-ms="19638">
      <class name="com.sheets.Adacfinal">
        <test-method is-config="true" signature="beforeClass()[pri:0, instance:com.sheets.Adacfinal@5ae50ce6]" started-at="2021-12-24T23:16:55 IST" name="beforeClass" finished-at="2021-12-24T23:16:59 IST" duration-ms="3814" status="PASS">
          <reporter-output>
          </reporter-output>
        </test-method> <!-- beforeClass -->
        <test-method signature="booking()[pri:0, instance:com.sheets.Adacfinal@5ae50ce6]" started-at="2021-12-24T23:16:59 IST" name="booking" finished-at="2021-12-24T23:17:15 IST" duration-ms="15616" status="PASS">
          <reporter-output>
          </reporter-output>
        </test-method> <!-- booking -->
        <test-method is-config="true" signature="afterClass()[pri:0, instance:com.sheets.Adacfinal@5ae50ce6]" started-at="2021-12-24T23:17:15 IST" name="afterClass" finished-at="2021-12-24T23:17:15 IST" duration-ms="178" status="PASS">
          <reporter-output>
          </reporter-output>
        </test-method> <!-- afterClass -->
      </class> <!-- com.sheets.Adacfinal -->
    </test> <!-- Default test -->
  </suite> <!-- Default suite -->
</testng-results>
